<?xml version="1.0" encoding="UTF-8"?>
<testsuite xmlns:xsi="http://www.w3.org/2001/XMLSchema-instance" xsi:noNamespaceSchemaLocation="https://maven.apache.org/surefire/maven-surefire-plugin/xsd/surefire-test-report.xsd" version="3.0.2" name="com.github.maximslepukhin.intershop.controller.ItemControllerTest" time="4.438" tests="5" errors="0" skipped="0" failures="0">
  <properties>
    <property name="java.specification.version" value="23"/>
    <property name="sun.jnu.encoding" value="UTF-8"/>
    <property name="java.class.path" value="/Users/maksim/Desktop/onlinestore_react/target/test-classes:/Users/maksim/Desktop/onlinestore_react/target/classes:/Users/maksim/.m2/repository/org/springframework/boot/spring-boot-starter-webflux/3.5.0/spring-boot-starter-webflux-3.5.0.jar:/Users/maksim/.m2/repository/org/springframework/boot/spring-boot-starter/3.5.0/spring-boot-starter-3.5.0.jar:/Users/maksim/.m2/repository/org/springframework/boot/spring-boot/3.5.0/spring-boot-3.5.0.jar:/Users/maksim/.m2/repository/org/springframework/boot/spring-boot-starter-logging/3.5.0/spring-boot-starter-logging-3.5.0.jar:/Users/maksim/.m2/repository/ch/qos/logback/logback-classic/1.5.18/logback-classic-1.5.18.jar:/Users/maksim/.m2/repository/ch/qos/logback/logback-core/1.5.18/logback-core-1.5.18.jar:/Users/maksim/.m2/repository/org/apache/logging/log4j/log4j-to-slf4j/2.24.3/log4j-to-slf4j-2.24.3.jar:/Users/maksim/.m2/repository/org/apache/logging/log4j/log4j-api/2.24.3/log4j-api-2.24.3.jar:/Users/maksim/.m2/repository/org/slf4j/jul-to-slf4j/2.0.17/jul-to-slf4j-2.0.17.jar:/Users/maksim/.m2/repository/jakarta/annotation/jakarta.annotation-api/2.1.1/jakarta.annotation-api-2.1.1.jar:/Users/maksim/.m2/repository/org/yaml/snakeyaml/2.4/snakeyaml-2.4.jar:/Users/maksim/.m2/repository/org/springframework/boot/spring-boot-starter-json/3.5.0/spring-boot-starter-json-3.5.0.jar:/Users/maksim/.m2/repository/com/fasterxml/jackson/core/jackson-databind/2.19.0/jackson-databind-2.19.0.jar:/Users/maksim/.m2/repository/com/fasterxml/jackson/core/jackson-annotations/2.19.0/jackson-annotations-2.19.0.jar:/Users/maksim/.m2/repository/com/fasterxml/jackson/core/jackson-core/2.19.0/jackson-core-2.19.0.jar:/Users/maksim/.m2/repository/com/fasterxml/jackson/datatype/jackson-datatype-jdk8/2.19.0/jackson-datatype-jdk8-2.19.0.jar:/Users/maksim/.m2/repository/com/fasterxml/jackson/datatype/jackson-datatype-jsr310/2.19.0/jackson-datatype-jsr310-2.19.0.jar:/Users/maksim/.m2/repository/com/fasterxml/jackson/module/jackson-module-parameter-names/2.19.0/jackson-module-parameter-names-2.19.0.jar:/Users/maksim/.m2/repository/org/springframework/boot/spring-boot-starter-reactor-netty/3.5.0/spring-boot-starter-reactor-netty-3.5.0.jar:/Users/maksim/.m2/repository/io/projectreactor/netty/reactor-netty-http/1.2.6/reactor-netty-http-1.2.6.jar:/Users/maksim/.m2/repository/io/netty/netty-codec-http/4.1.121.Final/netty-codec-http-4.1.121.Final.jar:/Users/maksim/.m2/repository/io/netty/netty-common/4.1.121.Final/netty-common-4.1.121.Final.jar:/Users/maksim/.m2/repository/io/netty/netty-buffer/4.1.121.Final/netty-buffer-4.1.121.Final.jar:/Users/maksim/.m2/repository/io/netty/netty-transport/4.1.121.Final/netty-transport-4.1.121.Final.jar:/Users/maksim/.m2/repository/io/netty/netty-codec/4.1.121.Final/netty-codec-4.1.121.Final.jar:/Users/maksim/.m2/repository/io/netty/netty-codec-http2/4.1.121.Final/netty-codec-http2-4.1.121.Final.jar:/Users/maksim/.m2/repository/io/netty/netty-resolver-dns/4.1.121.Final/netty-resolver-dns-4.1.121.Final.jar:/Users/maksim/.m2/repository/io/netty/netty-resolver/4.1.121.Final/netty-resolver-4.1.121.Final.jar:/Users/maksim/.m2/repository/io/netty/netty-codec-dns/4.1.121.Final/netty-codec-dns-4.1.121.Final.jar:/Users/maksim/.m2/repository/io/netty/netty-resolver-dns-native-macos/4.1.121.Final/netty-resolver-dns-native-macos-4.1.121.Final-osx-x86_64.jar:/Users/maksim/.m2/repository/io/netty/netty-resolver-dns-classes-macos/4.1.121.Final/netty-resolver-dns-classes-macos-4.1.121.Final.jar:/Users/maksim/.m2/repository/io/netty/netty-transport-native-epoll/4.1.121.Final/netty-transport-native-epoll-4.1.121.Final-linux-x86_64.jar:/Users/maksim/.m2/repository/io/netty/netty-transport-native-unix-common/4.1.121.Final/netty-transport-native-unix-common-4.1.121.Final.jar:/Users/maksim/.m2/repository/io/netty/netty-transport-classes-epoll/4.1.121.Final/netty-transport-classes-epoll-4.1.121.Final.jar:/Users/maksim/.m2/repository/org/springframework/spring-web/6.2.7/spring-web-6.2.7.jar:/Users/maksim/.m2/repository/org/springframework/spring-beans/6.2.7/spring-beans-6.2.7.jar:/Users/maksim/.m2/repository/io/micrometer/micrometer-observation/1.15.0/micrometer-observation-1.15.0.jar:/Users/maksim/.m2/repository/io/micrometer/micrometer-commons/1.15.0/micrometer-commons-1.15.0.jar:/Users/maksim/.m2/repository/org/springframework/spring-webflux/6.2.7/spring-webflux-6.2.7.jar:/Users/maksim/.m2/repository/org/springframework/boot/spring-boot-starter-thymeleaf/3.5.0/spring-boot-starter-thymeleaf-3.5.0.jar:/Users/maksim/.m2/repository/org/thymeleaf/thymeleaf-spring6/3.1.3.RELEASE/thymeleaf-spring6-3.1.3.RELEASE.jar:/Users/maksim/.m2/repository/org/thymeleaf/thymeleaf/3.1.3.RELEASE/thymeleaf-3.1.3.RELEASE.jar:/Users/maksim/.m2/repository/org/attoparser/attoparser/2.0.7.RELEASE/attoparser-2.0.7.RELEASE.jar:/Users/maksim/.m2/repository/org/unbescape/unbescape/1.1.6.RELEASE/unbescape-1.1.6.RELEASE.jar:/Users/maksim/.m2/repository/org/slf4j/slf4j-api/2.0.17/slf4j-api-2.0.17.jar:/Users/maksim/.m2/repository/org/springframework/boot/spring-boot-starter-validation/3.5.0/spring-boot-starter-validation-3.5.0.jar:/Users/maksim/.m2/repository/org/apache/tomcat/embed/tomcat-embed-el/10.1.41/tomcat-embed-el-10.1.41.jar:/Users/maksim/.m2/repository/org/hibernate/validator/hibernate-validator/8.0.2.Final/hibernate-validator-8.0.2.Final.jar:/Users/maksim/.m2/repository/jakarta/validation/jakarta.validation-api/3.0.2/jakarta.validation-api-3.0.2.jar:/Users/maksim/.m2/repository/org/jboss/logging/jboss-logging/3.6.1.Final/jboss-logging-3.6.1.Final.jar:/Users/maksim/.m2/repository/com/fasterxml/classmate/1.7.0/classmate-1.7.0.jar:/Users/maksim/.m2/repository/org/projectlombok/lombok/1.18.38/lombok-1.18.38.jar:/Users/maksim/.m2/repository/org/springframework/boot/spring-boot-starter-test/3.5.0/spring-boot-starter-test-3.5.0.jar:/Users/maksim/.m2/repository/org/springframework/boot/spring-boot-test/3.5.0/spring-boot-test-3.5.0.jar:/Users/maksim/.m2/repository/org/springframework/boot/spring-boot-test-autoconfigure/3.5.0/spring-boot-test-autoconfigure-3.5.0.jar:/Users/maksim/.m2/repository/com/jayway/jsonpath/json-path/2.9.0/json-path-2.9.0.jar:/Users/maksim/.m2/repository/jakarta/xml/bind/jakarta.xml.bind-api/4.0.2/jakarta.xml.bind-api-4.0.2.jar:/Users/maksim/.m2/repository/jakarta/activation/jakarta.activation-api/2.1.3/jakarta.activation-api-2.1.3.jar:/Users/maksim/.m2/repository/net/minidev/json-smart/2.5.2/json-smart-2.5.2.jar:/Users/maksim/.m2/repository/net/minidev/accessors-smart/2.5.2/accessors-smart-2.5.2.jar:/Users/maksim/.m2/repository/org/ow2/asm/asm/9.7.1/asm-9.7.1.jar:/Users/maksim/.m2/repository/org/assertj/assertj-core/3.27.3/assertj-core-3.27.3.jar:/Users/maksim/.m2/repository/net/bytebuddy/byte-buddy/1.17.5/byte-buddy-1.17.5.jar:/Users/maksim/.m2/repository/org/awaitility/awaitility/4.3.0/awaitility-4.3.0.jar:/Users/maksim/.m2/repository/org/hamcrest/hamcrest/3.0/hamcrest-3.0.jar:/Users/maksim/.m2/repository/org/junit/jupiter/junit-jupiter/5.12.2/junit-jupiter-5.12.2.jar:/Users/maksim/.m2/repository/org/junit/jupiter/junit-jupiter-api/5.12.2/junit-jupiter-api-5.12.2.jar:/Users/maksim/.m2/repository/org/opentest4j/opentest4j/1.3.0/opentest4j-1.3.0.jar:/Users/maksim/.m2/repository/org/junit/platform/junit-platform-commons/1.12.2/junit-platform-commons-1.12.2.jar:/Users/maksim/.m2/repository/org/apiguardian/apiguardian-api/1.1.2/apiguardian-api-1.1.2.jar:/Users/maksim/.m2/repository/org/junit/jupiter/junit-jupiter-params/5.12.2/junit-jupiter-params-5.12.2.jar:/Users/maksim/.m2/repository/org/junit/jupiter/junit-jupiter-engine/5.12.2/junit-jupiter-engine-5.12.2.jar:/Users/maksim/.m2/repository/org/junit/platform/junit-platform-engine/1.12.2/junit-platform-engine-1.12.2.jar:/Users/maksim/.m2/repository/org/mockito/mockito-core/5.17.0/mockito-core-5.17.0.jar:/Users/maksim/.m2/repository/net/bytebuddy/byte-buddy-agent/1.17.5/byte-buddy-agent-1.17.5.jar:/Users/maksim/.m2/repository/org/objenesis/objenesis/3.3/objenesis-3.3.jar:/Users/maksim/.m2/repository/org/mockito/mockito-junit-jupiter/5.17.0/mockito-junit-jupiter-5.17.0.jar:/Users/maksim/.m2/repository/org/skyscreamer/jsonassert/1.5.3/jsonassert-1.5.3.jar:/Users/maksim/.m2/repository/com/vaadin/external/google/android-json/0.0.20131108.vaadin1/android-json-0.0.20131108.vaadin1.jar:/Users/maksim/.m2/repository/org/springframework/spring-core/6.2.7/spring-core-6.2.7.jar:/Users/maksim/.m2/repository/org/springframework/spring-jcl/6.2.7/spring-jcl-6.2.7.jar:/Users/maksim/.m2/repository/org/springframework/spring-test/6.2.7/spring-test-6.2.7.jar:/Users/maksim/.m2/repository/org/xmlunit/xmlunit-core/2.10.1/xmlunit-core-2.10.1.jar:/Users/maksim/.m2/repository/org/springframework/boot/spring-boot-testcontainers/3.5.0/spring-boot-testcontainers-3.5.0.jar:/Users/maksim/.m2/repository/org/springframework/boot/spring-boot-autoconfigure/3.5.0/spring-boot-autoconfigure-3.5.0.jar:/Users/maksim/.m2/repository/org/testcontainers/testcontainers/1.21.0/testcontainers-1.21.0.jar:/Users/maksim/.m2/repository/junit/junit/4.13.2/junit-4.13.2.jar:/Users/maksim/.m2/repository/org/hamcrest/hamcrest-core/3.0/hamcrest-core-3.0.jar:/Users/maksim/.m2/repository/org/apache/commons/commons-compress/1.24.0/commons-compress-1.24.0.jar:/Users/maksim/.m2/repository/org/rnorth/duct-tape/duct-tape/1.0.8/duct-tape-1.0.8.jar:/Users/maksim/.m2/repository/org/jetbrains/annotations/17.0.0/annotations-17.0.0.jar:/Users/maksim/.m2/repository/com/github/docker-java/docker-java-api/3.4.2/docker-java-api-3.4.2.jar:/Users/maksim/.m2/repository/com/github/docker-java/docker-java-transport-zerodep/3.4.2/docker-java-transport-zerodep-3.4.2.jar:/Users/maksim/.m2/repository/com/github/docker-java/docker-java-transport/3.4.2/docker-java-transport-3.4.2.jar:/Users/maksim/.m2/repository/net/java/dev/jna/jna/5.13.0/jna-5.13.0.jar:/Users/maksim/.m2/repository/org/reactivestreams/reactive-streams/1.0.4/reactive-streams-1.0.4.jar:/Users/maksim/.m2/repository/io/projectreactor/reactor-core/3.6.0/reactor-core-3.6.0.jar:/Users/maksim/.m2/repository/org/springframework/boot/spring-boot-starter-data-r2dbc/3.5.0/spring-boot-starter-data-r2dbc-3.5.0.jar:/Users/maksim/.m2/repository/org/springframework/data/spring-data-r2dbc/3.5.0/spring-data-r2dbc-3.5.0.jar:/Users/maksim/.m2/repository/org/springframework/data/spring-data-relational/3.5.0/spring-data-relational-3.5.0.jar:/Users/maksim/.m2/repository/org/springframework/data/spring-data-commons/3.5.0/spring-data-commons-3.5.0.jar:/Users/maksim/.m2/repository/org/springframework/spring-tx/6.2.7/spring-tx-6.2.7.jar:/Users/maksim/.m2/repository/org/springframework/spring-context/6.2.7/spring-context-6.2.7.jar:/Users/maksim/.m2/repository/org/springframework/spring-aop/6.2.7/spring-aop-6.2.7.jar:/Users/maksim/.m2/repository/org/springframework/spring-expression/6.2.7/spring-expression-6.2.7.jar:/Users/maksim/.m2/repository/org/springframework/spring-jdbc/6.2.7/spring-jdbc-6.2.7.jar:/Users/maksim/.m2/repository/org/springframework/spring-r2dbc/6.2.7/spring-r2dbc-6.2.7.jar:/Users/maksim/.m2/repository/io/r2dbc/r2dbc-spi/1.0.0.RELEASE/r2dbc-spi-1.0.0.RELEASE.jar:/Users/maksim/.m2/repository/io/r2dbc/r2dbc-pool/1.0.2.RELEASE/r2dbc-pool-1.0.2.RELEASE.jar:/Users/maksim/.m2/repository/io/projectreactor/addons/reactor-pool/1.1.2/reactor-pool-1.1.2.jar:/Users/maksim/.m2/repository/io/r2dbc/r2dbc-postgresql/0.8.13.RELEASE/r2dbc-postgresql-0.8.13.RELEASE.jar:/Users/maksim/.m2/repository/com/ongres/scram/client/2.1/client-2.1.jar:/Users/maksim/.m2/repository/com/ongres/scram/common/2.1/common-2.1.jar:/Users/maksim/.m2/repository/com/ongres/stringprep/saslprep/1.1/saslprep-1.1.jar:/Users/maksim/.m2/repository/com/ongres/stringprep/stringprep/1.1/stringprep-1.1.jar:/Users/maksim/.m2/repository/io/projectreactor/netty/reactor-netty/1.2.6/reactor-netty-1.2.6.jar:/Users/maksim/.m2/repository/io/projectreactor/netty/reactor-netty-core/1.2.6/reactor-netty-core-1.2.6.jar:/Users/maksim/.m2/repository/io/netty/netty-handler/4.1.121.Final/netty-handler-4.1.121.Final.jar:/Users/maksim/.m2/repository/io/netty/netty-handler-proxy/4.1.121.Final/netty-handler-proxy-4.1.121.Final.jar:/Users/maksim/.m2/repository/io/netty/netty-codec-socks/4.1.121.Final/netty-codec-socks-4.1.121.Final.jar:/Users/maksim/.m2/repository/io/projectreactor/netty/incubator/reactor-netty-incubator-quic/0.2.6/reactor-netty-incubator-quic-0.2.6.jar:/Users/maksim/.m2/repository/io/netty/incubator/netty-incubator-codec-native-quic/0.0.72.Final/netty-incubator-codec-native-quic-0.0.72.Final-linux-x86_64.jar:/Users/maksim/.m2/repository/io/netty/incubator/netty-incubator-codec-classes-quic/0.0.72.Final/netty-incubator-codec-classes-quic-0.0.72.Final.jar:/Users/maksim/.m2/repository/org/testcontainers/postgresql/1.21.0/postgresql-1.21.0.jar:/Users/maksim/.m2/repository/org/testcontainers/jdbc/1.21.0/jdbc-1.21.0.jar:/Users/maksim/.m2/repository/org/testcontainers/database-commons/1.21.0/database-commons-1.21.0.jar:/Users/maksim/.m2/repository/org/testcontainers/r2dbc/1.21.3/r2dbc-1.21.3.jar:"/>
    <property name="java.vm.vendor" value="Amazon.com Inc."/>
    <property name="sun.arch.data.model" value="64"/>
    <property name="java.vendor.url" value="https://aws.amazon.com/corretto/"/>
    <property name="user.timezone" value="Europe/Moscow"/>
    <property name="org.jboss.logging.provider" value="slf4j"/>
    <property name="os.name" value="Mac OS X"/>
    <property name="java.vm.specification.version" value="23"/>
    <property name="APPLICATION_NAME" value="onlinestore"/>
    <property name="sun.java.launcher" value="SUN_STANDARD"/>
    <property name="user.country" value="RU"/>
    <property name="sun.boot.library.path" value="/Users/maksim/Library/Java/JavaVirtualMachines/corretto-23.0.2/Contents/Home/lib"/>
    <property name="sun.java.command" value="/Users/maksim/Desktop/onlinestore_react/target/surefire/surefirebooter-20250701223641862_3.jar /Users/maksim/Desktop/onlinestore_react/target/surefire 2025-07-01T22-36-41_821-jvmRun1 surefire-20250701223641862_1tmp surefire_0-20250701223641862_2tmp"/>
    <property name="http.nonProxyHosts" value="local|*.local|169.254/16|*.169.254/16"/>
    <property name="jdk.debug" value="release"/>
    <property name="surefire.test.class.path" value="/Users/maksim/Desktop/onlinestore_react/target/test-classes:/Users/maksim/Desktop/onlinestore_react/target/classes:/Users/maksim/.m2/repository/org/springframework/boot/spring-boot-starter-webflux/3.5.0/spring-boot-starter-webflux-3.5.0.jar:/Users/maksim/.m2/repository/org/springframework/boot/spring-boot-starter/3.5.0/spring-boot-starter-3.5.0.jar:/Users/maksim/.m2/repository/org/springframework/boot/spring-boot/3.5.0/spring-boot-3.5.0.jar:/Users/maksim/.m2/repository/org/springframework/boot/spring-boot-starter-logging/3.5.0/spring-boot-starter-logging-3.5.0.jar:/Users/maksim/.m2/repository/ch/qos/logback/logback-classic/1.5.18/logback-classic-1.5.18.jar:/Users/maksim/.m2/repository/ch/qos/logback/logback-core/1.5.18/logback-core-1.5.18.jar:/Users/maksim/.m2/repository/org/apache/logging/log4j/log4j-to-slf4j/2.24.3/log4j-to-slf4j-2.24.3.jar:/Users/maksim/.m2/repository/org/apache/logging/log4j/log4j-api/2.24.3/log4j-api-2.24.3.jar:/Users/maksim/.m2/repository/org/slf4j/jul-to-slf4j/2.0.17/jul-to-slf4j-2.0.17.jar:/Users/maksim/.m2/repository/jakarta/annotation/jakarta.annotation-api/2.1.1/jakarta.annotation-api-2.1.1.jar:/Users/maksim/.m2/repository/org/yaml/snakeyaml/2.4/snakeyaml-2.4.jar:/Users/maksim/.m2/repository/org/springframework/boot/spring-boot-starter-json/3.5.0/spring-boot-starter-json-3.5.0.jar:/Users/maksim/.m2/repository/com/fasterxml/jackson/core/jackson-databind/2.19.0/jackson-databind-2.19.0.jar:/Users/maksim/.m2/repository/com/fasterxml/jackson/core/jackson-annotations/2.19.0/jackson-annotations-2.19.0.jar:/Users/maksim/.m2/repository/com/fasterxml/jackson/core/jackson-core/2.19.0/jackson-core-2.19.0.jar:/Users/maksim/.m2/repository/com/fasterxml/jackson/datatype/jackson-datatype-jdk8/2.19.0/jackson-datatype-jdk8-2.19.0.jar:/Users/maksim/.m2/repository/com/fasterxml/jackson/datatype/jackson-datatype-jsr310/2.19.0/jackson-datatype-jsr310-2.19.0.jar:/Users/maksim/.m2/repository/com/fasterxml/jackson/module/jackson-module-parameter-names/2.19.0/jackson-module-parameter-names-2.19.0.jar:/Users/maksim/.m2/repository/org/springframework/boot/spring-boot-starter-reactor-netty/3.5.0/spring-boot-starter-reactor-netty-3.5.0.jar:/Users/maksim/.m2/repository/io/projectreactor/netty/reactor-netty-http/1.2.6/reactor-netty-http-1.2.6.jar:/Users/maksim/.m2/repository/io/netty/netty-codec-http/4.1.121.Final/netty-codec-http-4.1.121.Final.jar:/Users/maksim/.m2/repository/io/netty/netty-common/4.1.121.Final/netty-common-4.1.121.Final.jar:/Users/maksim/.m2/repository/io/netty/netty-buffer/4.1.121.Final/netty-buffer-4.1.121.Final.jar:/Users/maksim/.m2/repository/io/netty/netty-transport/4.1.121.Final/netty-transport-4.1.121.Final.jar:/Users/maksim/.m2/repository/io/netty/netty-codec/4.1.121.Final/netty-codec-4.1.121.Final.jar:/Users/maksim/.m2/repository/io/netty/netty-codec-http2/4.1.121.Final/netty-codec-http2-4.1.121.Final.jar:/Users/maksim/.m2/repository/io/netty/netty-resolver-dns/4.1.121.Final/netty-resolver-dns-4.1.121.Final.jar:/Users/maksim/.m2/repository/io/netty/netty-resolver/4.1.121.Final/netty-resolver-4.1.121.Final.jar:/Users/maksim/.m2/repository/io/netty/netty-codec-dns/4.1.121.Final/netty-codec-dns-4.1.121.Final.jar:/Users/maksim/.m2/repository/io/netty/netty-resolver-dns-native-macos/4.1.121.Final/netty-resolver-dns-native-macos-4.1.121.Final-osx-x86_64.jar:/Users/maksim/.m2/repository/io/netty/netty-resolver-dns-classes-macos/4.1.121.Final/netty-resolver-dns-classes-macos-4.1.121.Final.jar:/Users/maksim/.m2/repository/io/netty/netty-transport-native-epoll/4.1.121.Final/netty-transport-native-epoll-4.1.121.Final-linux-x86_64.jar:/Users/maksim/.m2/repository/io/netty/netty-transport-native-unix-common/4.1.121.Final/netty-transport-native-unix-common-4.1.121.Final.jar:/Users/maksim/.m2/repository/io/netty/netty-transport-classes-epoll/4.1.121.Final/netty-transport-classes-epoll-4.1.121.Final.jar:/Users/maksim/.m2/repository/org/springframework/spring-web/6.2.7/spring-web-6.2.7.jar:/Users/maksim/.m2/repository/org/springframework/spring-beans/6.2.7/spring-beans-6.2.7.jar:/Users/maksim/.m2/repository/io/micrometer/micrometer-observation/1.15.0/micrometer-observation-1.15.0.jar:/Users/maksim/.m2/repository/io/micrometer/micrometer-commons/1.15.0/micrometer-commons-1.15.0.jar:/Users/maksim/.m2/repository/org/springframework/spring-webflux/6.2.7/spring-webflux-6.2.7.jar:/Users/maksim/.m2/repository/org/springframework/boot/spring-boot-starter-thymeleaf/3.5.0/spring-boot-starter-thymeleaf-3.5.0.jar:/Users/maksim/.m2/repository/org/thymeleaf/thymeleaf-spring6/3.1.3.RELEASE/thymeleaf-spring6-3.1.3.RELEASE.jar:/Users/maksim/.m2/repository/org/thymeleaf/thymeleaf/3.1.3.RELEASE/thymeleaf-3.1.3.RELEASE.jar:/Users/maksim/.m2/repository/org/attoparser/attoparser/2.0.7.RELEASE/attoparser-2.0.7.RELEASE.jar:/Users/maksim/.m2/repository/org/unbescape/unbescape/1.1.6.RELEASE/unbescape-1.1.6.RELEASE.jar:/Users/maksim/.m2/repository/org/slf4j/slf4j-api/2.0.17/slf4j-api-2.0.17.jar:/Users/maksim/.m2/repository/org/springframework/boot/spring-boot-starter-validation/3.5.0/spring-boot-starter-validation-3.5.0.jar:/Users/maksim/.m2/repository/org/apache/tomcat/embed/tomcat-embed-el/10.1.41/tomcat-embed-el-10.1.41.jar:/Users/maksim/.m2/repository/org/hibernate/validator/hibernate-validator/8.0.2.Final/hibernate-validator-8.0.2.Final.jar:/Users/maksim/.m2/repository/jakarta/validation/jakarta.validation-api/3.0.2/jakarta.validation-api-3.0.2.jar:/Users/maksim/.m2/repository/org/jboss/logging/jboss-logging/3.6.1.Final/jboss-logging-3.6.1.Final.jar:/Users/maksim/.m2/repository/com/fasterxml/classmate/1.7.0/classmate-1.7.0.jar:/Users/maksim/.m2/repository/org/projectlombok/lombok/1.18.38/lombok-1.18.38.jar:/Users/maksim/.m2/repository/org/springframework/boot/spring-boot-starter-test/3.5.0/spring-boot-starter-test-3.5.0.jar:/Users/maksim/.m2/repository/org/springframework/boot/spring-boot-test/3.5.0/spring-boot-test-3.5.0.jar:/Users/maksim/.m2/repository/org/springframework/boot/spring-boot-test-autoconfigure/3.5.0/spring-boot-test-autoconfigure-3.5.0.jar:/Users/maksim/.m2/repository/com/jayway/jsonpath/json-path/2.9.0/json-path-2.9.0.jar:/Users/maksim/.m2/repository/jakarta/xml/bind/jakarta.xml.bind-api/4.0.2/jakarta.xml.bind-api-4.0.2.jar:/Users/maksim/.m2/repository/jakarta/activation/jakarta.activation-api/2.1.3/jakarta.activation-api-2.1.3.jar:/Users/maksim/.m2/repository/net/minidev/json-smart/2.5.2/json-smart-2.5.2.jar:/Users/maksim/.m2/repository/net/minidev/accessors-smart/2.5.2/accessors-smart-2.5.2.jar:/Users/maksim/.m2/repository/org/ow2/asm/asm/9.7.1/asm-9.7.1.jar:/Users/maksim/.m2/repository/org/assertj/assertj-core/3.27.3/assertj-core-3.27.3.jar:/Users/maksim/.m2/repository/net/bytebuddy/byte-buddy/1.17.5/byte-buddy-1.17.5.jar:/Users/maksim/.m2/repository/org/awaitility/awaitility/4.3.0/awaitility-4.3.0.jar:/Users/maksim/.m2/repository/org/hamcrest/hamcrest/3.0/hamcrest-3.0.jar:/Users/maksim/.m2/repository/org/junit/jupiter/junit-jupiter/5.12.2/junit-jupiter-5.12.2.jar:/Users/maksim/.m2/repository/org/junit/jupiter/junit-jupiter-api/5.12.2/junit-jupiter-api-5.12.2.jar:/Users/maksim/.m2/repository/org/opentest4j/opentest4j/1.3.0/opentest4j-1.3.0.jar:/Users/maksim/.m2/repository/org/junit/platform/junit-platform-commons/1.12.2/junit-platform-commons-1.12.2.jar:/Users/maksim/.m2/repository/org/apiguardian/apiguardian-api/1.1.2/apiguardian-api-1.1.2.jar:/Users/maksim/.m2/repository/org/junit/jupiter/junit-jupiter-params/5.12.2/junit-jupiter-params-5.12.2.jar:/Users/maksim/.m2/repository/org/junit/jupiter/junit-jupiter-engine/5.12.2/junit-jupiter-engine-5.12.2.jar:/Users/maksim/.m2/repository/org/junit/platform/junit-platform-engine/1.12.2/junit-platform-engine-1.12.2.jar:/Users/maksim/.m2/repository/org/mockito/mockito-core/5.17.0/mockito-core-5.17.0.jar:/Users/maksim/.m2/repository/net/bytebuddy/byte-buddy-agent/1.17.5/byte-buddy-agent-1.17.5.jar:/Users/maksim/.m2/repository/org/objenesis/objenesis/3.3/objenesis-3.3.jar:/Users/maksim/.m2/repository/org/mockito/mockito-junit-jupiter/5.17.0/mockito-junit-jupiter-5.17.0.jar:/Users/maksim/.m2/repository/org/skyscreamer/jsonassert/1.5.3/jsonassert-1.5.3.jar:/Users/maksim/.m2/repository/com/vaadin/external/google/android-json/0.0.20131108.vaadin1/android-json-0.0.20131108.vaadin1.jar:/Users/maksim/.m2/repository/org/springframework/spring-core/6.2.7/spring-core-6.2.7.jar:/Users/maksim/.m2/repository/org/springframework/spring-jcl/6.2.7/spring-jcl-6.2.7.jar:/Users/maksim/.m2/repository/org/springframework/spring-test/6.2.7/spring-test-6.2.7.jar:/Users/maksim/.m2/repository/org/xmlunit/xmlunit-core/2.10.1/xmlunit-core-2.10.1.jar:/Users/maksim/.m2/repository/org/springframework/boot/spring-boot-testcontainers/3.5.0/spring-boot-testcontainers-3.5.0.jar:/Users/maksim/.m2/repository/org/springframework/boot/spring-boot-autoconfigure/3.5.0/spring-boot-autoconfigure-3.5.0.jar:/Users/maksim/.m2/repository/org/testcontainers/testcontainers/1.21.0/testcontainers-1.21.0.jar:/Users/maksim/.m2/repository/junit/junit/4.13.2/junit-4.13.2.jar:/Users/maksim/.m2/repository/org/hamcrest/hamcrest-core/3.0/hamcrest-core-3.0.jar:/Users/maksim/.m2/repository/org/apache/commons/commons-compress/1.24.0/commons-compress-1.24.0.jar:/Users/maksim/.m2/repository/org/rnorth/duct-tape/duct-tape/1.0.8/duct-tape-1.0.8.jar:/Users/maksim/.m2/repository/org/jetbrains/annotations/17.0.0/annotations-17.0.0.jar:/Users/maksim/.m2/repository/com/github/docker-java/docker-java-api/3.4.2/docker-java-api-3.4.2.jar:/Users/maksim/.m2/repository/com/github/docker-java/docker-java-transport-zerodep/3.4.2/docker-java-transport-zerodep-3.4.2.jar:/Users/maksim/.m2/repository/com/github/docker-java/docker-java-transport/3.4.2/docker-java-transport-3.4.2.jar:/Users/maksim/.m2/repository/net/java/dev/jna/jna/5.13.0/jna-5.13.0.jar:/Users/maksim/.m2/repository/org/reactivestreams/reactive-streams/1.0.4/reactive-streams-1.0.4.jar:/Users/maksim/.m2/repository/io/projectreactor/reactor-core/3.6.0/reactor-core-3.6.0.jar:/Users/maksim/.m2/repository/org/springframework/boot/spring-boot-starter-data-r2dbc/3.5.0/spring-boot-starter-data-r2dbc-3.5.0.jar:/Users/maksim/.m2/repository/org/springframework/data/spring-data-r2dbc/3.5.0/spring-data-r2dbc-3.5.0.jar:/Users/maksim/.m2/repository/org/springframework/data/spring-data-relational/3.5.0/spring-data-relational-3.5.0.jar:/Users/maksim/.m2/repository/org/springframework/data/spring-data-commons/3.5.0/spring-data-commons-3.5.0.jar:/Users/maksim/.m2/repository/org/springframework/spring-tx/6.2.7/spring-tx-6.2.7.jar:/Users/maksim/.m2/repository/org/springframework/spring-context/6.2.7/spring-context-6.2.7.jar:/Users/maksim/.m2/repository/org/springframework/spring-aop/6.2.7/spring-aop-6.2.7.jar:/Users/maksim/.m2/repository/org/springframework/spring-expression/6.2.7/spring-expression-6.2.7.jar:/Users/maksim/.m2/repository/org/springframework/spring-jdbc/6.2.7/spring-jdbc-6.2.7.jar:/Users/maksim/.m2/repository/org/springframework/spring-r2dbc/6.2.7/spring-r2dbc-6.2.7.jar:/Users/maksim/.m2/repository/io/r2dbc/r2dbc-spi/1.0.0.RELEASE/r2dbc-spi-1.0.0.RELEASE.jar:/Users/maksim/.m2/repository/io/r2dbc/r2dbc-pool/1.0.2.RELEASE/r2dbc-pool-1.0.2.RELEASE.jar:/Users/maksim/.m2/repository/io/projectreactor/addons/reactor-pool/1.1.2/reactor-pool-1.1.2.jar:/Users/maksim/.m2/repository/io/r2dbc/r2dbc-postgresql/0.8.13.RELEASE/r2dbc-postgresql-0.8.13.RELEASE.jar:/Users/maksim/.m2/repository/com/ongres/scram/client/2.1/client-2.1.jar:/Users/maksim/.m2/repository/com/ongres/scram/common/2.1/common-2.1.jar:/Users/maksim/.m2/repository/com/ongres/stringprep/saslprep/1.1/saslprep-1.1.jar:/Users/maksim/.m2/repository/com/ongres/stringprep/stringprep/1.1/stringprep-1.1.jar:/Users/maksim/.m2/repository/io/projectreactor/netty/reactor-netty/1.2.6/reactor-netty-1.2.6.jar:/Users/maksim/.m2/repository/io/projectreactor/netty/reactor-netty-core/1.2.6/reactor-netty-core-1.2.6.jar:/Users/maksim/.m2/repository/io/netty/netty-handler/4.1.121.Final/netty-handler-4.1.121.Final.jar:/Users/maksim/.m2/repository/io/netty/netty-handler-proxy/4.1.121.Final/netty-handler-proxy-4.1.121.Final.jar:/Users/maksim/.m2/repository/io/netty/netty-codec-socks/4.1.121.Final/netty-codec-socks-4.1.121.Final.jar:/Users/maksim/.m2/repository/io/projectreactor/netty/incubator/reactor-netty-incubator-quic/0.2.6/reactor-netty-incubator-quic-0.2.6.jar:/Users/maksim/.m2/repository/io/netty/incubator/netty-incubator-codec-native-quic/0.0.72.Final/netty-incubator-codec-native-quic-0.0.72.Final-linux-x86_64.jar:/Users/maksim/.m2/repository/io/netty/incubator/netty-incubator-codec-classes-quic/0.0.72.Final/netty-incubator-codec-classes-quic-0.0.72.Final.jar:/Users/maksim/.m2/repository/org/testcontainers/postgresql/1.21.0/postgresql-1.21.0.jar:/Users/maksim/.m2/repository/org/testcontainers/jdbc/1.21.0/jdbc-1.21.0.jar:/Users/maksim/.m2/repository/org/testcontainers/database-commons/1.21.0/database-commons-1.21.0.jar:/Users/maksim/.m2/repository/org/testcontainers/r2dbc/1.21.3/r2dbc-1.21.3.jar:"/>
    <property name="sun.cpu.endian" value="little"/>
    <property name="user.home" value="/Users/maksim"/>
    <property name="user.language" value="ru"/>
    <property name="java.specification.vendor" value="Oracle Corporation"/>
    <property name="java.version.date" value="2025-01-21"/>
    <property name="java.home" value="/Users/maksim/Library/Java/JavaVirtualMachines/corretto-23.0.2/Contents/Home"/>
    <property name="file.separator" value="/"/>
    <property name="basedir" value="/Users/maksim/Desktop/onlinestore_react"/>
    <property name="java.vm.compressedOopsMode" value="Zero based"/>
    <property name="line.separator" value="&#10;"/>
    <property name="java.vm.specification.vendor" value="Oracle Corporation"/>
    <property name="java.specification.name" value="Java Platform API Specification"/>
    <property name="FILE_LOG_CHARSET" value="UTF-8"/>
    <property name="java.awt.headless" value="true"/>
    <property name="apple.awt.application.name" value="ForkedBooter"/>
    <property name="surefire.real.class.path" value="/Users/maksim/Desktop/onlinestore_react/target/surefire/surefirebooter-20250701223641862_3.jar"/>
    <property name="sun.management.compiler" value="HotSpot 64-Bit Tiered Compilers"/>
    <property name="ftp.nonProxyHosts" value="local|*.local|169.254/16|*.169.254/16"/>
    <property name="java.runtime.version" value="23.0.2+7-FR"/>
    <property name="user.name" value="maksim"/>
    <property name="stdout.encoding" value="UTF-8"/>
    <property name="path.separator" value=":"/>
    <property name="os.version" value="15.5"/>
    <property name="java.runtime.name" value="OpenJDK Runtime Environment"/>
    <property name="file.encoding" value="UTF-8"/>
    <property name="java.vm.name" value="OpenJDK 64-Bit Server VM"/>
    <property name="java.vendor.version" value="Corretto-23.0.2.7.1"/>
    <property name="localRepository" value="/Users/maksim/.m2/repository"/>
    <property name="java.vendor.url.bug" value="https://github.com/corretto/corretto-23/issues/"/>
    <property name="java.io.tmpdir" value="/var/folders/qm/2jm5hms12bx836xvbwt91d9c0000gn/T/"/>
    <property name="idea.version" value="2024.3.1.1"/>
    <property name="java.version" value="23.0.2"/>
    <property name="user.dir" value="/Users/maksim/Desktop/onlinestore_react"/>
    <property name="os.arch" value="aarch64"/>
    <property name="java.vm.specification.name" value="Java Virtual Machine Specification"/>
    <property name="PID" value="5371"/>
    <property name="CONSOLE_LOG_CHARSET" value="UTF-8"/>
    <property name="native.encoding" value="UTF-8"/>
    <property name="java.library.path" value="/Users/maksim/Library/Java/Extensions:/Library/Java/Extensions:/Network/Library/Java/Extensions:/System/Library/Java/Extensions:/usr/lib/java:."/>
    <property name="java.vm.info" value="mixed mode, sharing"/>
    <property name="stderr.encoding" value="UTF-8"/>
    <property name="java.vendor" value="Amazon.com Inc."/>
    <property name="java.vm.version" value="23.0.2+7-FR"/>
    <property name="sun.io.unicode.encoding" value="UnicodeBig"/>
    <property name="socksNonProxyHosts" value="local|*.local|169.254/16|*.169.254/16"/>
    <property name="java.class.version" value="67.0"/>
    <property name="LOGGED_APPLICATION_NAME" value="[onlinestore] "/>
  </properties>
  <testcase name="testReactiveConnectionWithBlock" classname="com.github.maximslepukhin.intershop.controller.ItemControllerTest" time="0.471">
    <system-out><![CDATA[22:36:42.320 [main] INFO org.springframework.test.context.support.AnnotationConfigContextLoaderUtils -- Could not detect default configuration classes for test class [com.github.maximslepukhin.intershop.controller.AbstractIntegrationTest]: AbstractIntegrationTest does not declare any static, non-private, non-final, nested classes annotated with @Configuration.
22:36:42.401 [main] INFO org.springframework.boot.test.context.SpringBootTestContextBootstrapper -- Found @SpringBootConfiguration com.github.maximslepukhin.intershop.InterShopApplication for test class com.github.maximslepukhin.intershop.controller.ItemControllerTest
22:36:42.463 [main] INFO org.testcontainers.images.PullPolicy -- Image pull policy will be performed by: DefaultPullPolicy()
22:36:42.465 [main] INFO org.testcontainers.utility.ImageNameSubstitutor -- Image name substitution will be performed by: DefaultImageNameSubstitutor (composite of 'ConfigurationFileImageNameSubstitutor' and 'PrefixingImageNameSubstitutor')

  .   ____          _            __ _ _
 /\\ / ___'_ __ _ _(_)_ __  __ _ \ \ \ \
( ( )\___ | '_ | '_| | '_ \/ _` | \ \ \ \
 \\/  ___)| |_)| | | | | || (_| |  ) ) ) )
  '  |____| .__|_| |_|_| |_\__, | / / / /
 =========|_|==============|___/=/_/_/_/

 :: Spring Boot ::                (v3.5.0)

2025-07-01T22:36:42.631+03:00  INFO 5371 --- [onlinestore] [           main] org.testcontainers.DockerClientFactory   : Testcontainers version: 1.21.0
2025-07-01T22:36:42.754+03:00  INFO 5371 --- [onlinestore] [           main] o.t.d.DockerClientProviderStrategy       : Loaded org.testcontainers.dockerclient.UnixSocketClientProviderStrategy from ~/.testcontainers.properties, will try it first
2025-07-01T22:36:42.902+03:00  INFO 5371 --- [onlinestore] [           main] o.t.d.DockerClientProviderStrategy       : Found Docker environment with local Unix socket (unix:///var/run/docker.sock)
2025-07-01T22:36:42.903+03:00  INFO 5371 --- [onlinestore] [           main] org.testcontainers.DockerClientFactory   : Docker host IP address is localhost
2025-07-01T22:36:42.917+03:00  INFO 5371 --- [onlinestore] [           main] org.testcontainers.DockerClientFactory   : Connected to docker: 
  Server Version: 27.3.1
  API Version: 1.47
  Operating System: Docker Desktop
  Total Memory: 7837 MB
  Labels: 
    com.docker.desktop.address=unix:///Users/maksim/Library/Containers/com.docker.docker/Data/docker-cli.sock
2025-07-01T22:36:43.005+03:00  INFO 5371 --- [onlinestore] [           main] tc.testcontainers/ryuk:0.11.0            : Creating container for image: testcontainers/ryuk:0.11.0
2025-07-01T22:36:43.014+03:00  INFO 5371 --- [onlinestore] [           main] o.t.utility.RegistryAuthLocator          : Failure when attempting to lookup auth config. Please ignore if you don't have images in an authenticated registry. Details: (dockerImageName: testcontainers/ryuk:0.11.0, configFile: /Users/maksim/.docker/config.json, configEnv: DOCKER_AUTH_CONFIG). Falling back to docker-java default behaviour. Exception message: Could not execute [docker-credential-desktop, get]. Error=2, No such file or directory
2025-07-01T22:36:43.091+03:00  INFO 5371 --- [onlinestore] [           main] tc.testcontainers/ryuk:0.11.0            : Container testcontainers/ryuk:0.11.0 is starting: 02633a4afd68e6f167683ce9b04d256e93a77b13f787a62797523e66e6778fc6
2025-07-01T22:36:43.287+03:00  INFO 5371 --- [onlinestore] [           main] tc.testcontainers/ryuk:0.11.0            : Container testcontainers/ryuk:0.11.0 started in PT0.282158S
2025-07-01T22:36:43.291+03:00  INFO 5371 --- [onlinestore] [           main] o.t.utility.RyukResourceReaper           : Ryuk started - will monitor and terminate Testcontainers containers on JVM exit
2025-07-01T22:36:43.291+03:00  INFO 5371 --- [onlinestore] [           main] org.testcontainers.DockerClientFactory   : Checking the system...
2025-07-01T22:36:43.291+03:00  INFO 5371 --- [onlinestore] [           main] org.testcontainers.DockerClientFactory   : ✔︎ Docker server version should be at least 1.6.0
2025-07-01T22:36:43.292+03:00  INFO 5371 --- [onlinestore] [           main] tc.postgres:15                           : Creating container for image: postgres:15
2025-07-01T22:36:43.331+03:00  INFO 5371 --- [onlinestore] [           main] tc.postgres:15                           : Container postgres:15 is starting: e96561c5fdb373219df41cb3f78722c8370e7faa49bb24f0d1948228907ab351
2025-07-01T22:36:44.114+03:00  INFO 5371 --- [onlinestore] [           main] tc.postgres:15                           : Container postgres:15 started in PT0.822406S
2025-07-01T22:36:44.116+03:00  INFO 5371 --- [onlinestore] [           main] tc.postgres:15                           : Container is started (JDBC URL: jdbc:postgresql://localhost:58320/testdb?loggerLevel=OFF)
2025-07-01T22:36:44.121+03:00  INFO 5371 --- [onlinestore] [           main] c.g.m.i.controller.ItemControllerTest    : Starting ItemControllerTest using Java 23.0.2 with PID 5371 (started by maksim in /Users/maksim/Desktop/onlinestore_react)
2025-07-01T22:36:44.122+03:00  INFO 5371 --- [onlinestore] [           main] c.g.m.i.controller.ItemControllerTest    : No active profile set, falling back to 1 default profile: "default"
2025-07-01T22:36:44.407+03:00  INFO 5371 --- [onlinestore] [           main] .s.d.r.c.RepositoryConfigurationDelegate : Bootstrapping Spring Data R2DBC repositories in DEFAULT mode.
2025-07-01T22:36:44.489+03:00  INFO 5371 --- [onlinestore] [           main] .s.d.r.c.RepositoryConfigurationDelegate : Finished Spring Data repository scanning in 78 ms. Found 3 R2DBC repository interfaces.
2025-07-01T22:36:44.898+03:00 DEBUG 5371 --- [onlinestore] [           main] s.w.r.r.m.a.RequestMappingHandlerMapping : 10 mappings in 'requestMappingHandlerMapping'
2025-07-01T22:36:44.904+03:00 DEBUG 5371 --- [onlinestore] [           main] o.s.w.r.handler.SimpleUrlHandlerMapping  : Patterns [/webjars/**, /**] in 'resourceHandlerMapping'
2025-07-01T22:36:44.925+03:00 DEBUG 5371 --- [onlinestore] [           main] o.s.w.r.r.m.a.ControllerMethodResolver   : ControllerAdvice beans: none
2025-07-01T22:36:44.939+03:00 DEBUG 5371 --- [onlinestore] [           main] o.s.w.s.adapter.HttpWebHandlerAdapter    : enableLoggingRequestDetails='false': form data and headers will be masked to prevent unsafe logging of potentially sensitive data
2025-07-01T22:36:45.239+03:00 DEBUG 5371 --- [onlinestore] [           main] o.s.w.s.adapter.HttpWebHandlerAdapter    : enableLoggingRequestDetails='false': form data and headers will be masked to prevent unsafe logging of potentially sensitive data
2025-07-01T22:36:45.258+03:00  INFO 5371 --- [onlinestore] [           main] c.g.m.i.controller.ItemControllerTest    : Started ItemControllerTest in 2.754 seconds (process running for 3.331)
Saved item: Ноутбук Lenovo
Saved item: Смартфон Samsung
Saved item: Наушники Sony
Saved item: Фотоаппарат Canon
Saved item: Умные часы Apple
Saved item: Планшет iPad Pro
Saved item: Монитор Dell
Saved item: Клавиатура Logitech
Saved item: Мышь Razer
Saved item: Колонка JBL
Saved item: Электронная книга Kindle
Saved item: Роутер TP-Link
]]></system-out>
    <system-err><![CDATA[Mockito is currently self-attaching to enable the inline-mock-maker. This will no longer work in future releases of the JDK. Please add Mockito as an agent to your build as described in Mockito's documentation: https://javadoc.io/doc/org.mockito/mockito-core/latest/org.mockito/org/mockito/Mockito.html#0.3
WARNING: A Java agent has been loaded dynamically (/Users/maksim/.m2/repository/net/bytebuddy/byte-buddy-agent/1.17.5/byte-buddy-agent-1.17.5.jar)
WARNING: If a serviceability tool is in use, please run with -XX:+EnableDynamicAgentLoading to hide this warning
WARNING: If a serviceability tool is not in use, please run with -Djdk.instrument.traceUsage for more information
WARNING: Dynamic loading of agents will be disallowed by default in a future release
]]></system-err>
  </testcase>
  <testcase name="testGetItemById" classname="com.github.maximslepukhin.intershop.controller.ItemControllerTest" time="0.286">
    <system-out><![CDATA[2025-07-01T22:36:46.246+03:00 DEBUG 5371 --- [onlinestore] [           main] o.s.w.r.f.client.ExchangeFunctions       : [36f438f1] HTTP GET /items/15
2025-07-01T22:36:46.254+03:00 DEBUG 5371 --- [onlinestore] [     parallel-1] o.s.w.s.adapter.HttpWebHandlerAdapter    : [5751ca6] HTTP GET "/items/15"
2025-07-01T22:36:46.258+03:00 DEBUG 5371 --- [onlinestore] [     parallel-1] s.w.r.r.m.a.RequestMappingHandlerMapping : [5751ca6] Mapped to com.github.maximslepukhin.intershop.controller.ItemController#showItem(Long, Model, WebSession)
2025-07-01T22:36:46.270+03:00 DEBUG 5371 --- [onlinestore] [     parallel-2] o.s.w.s.s.DefaultWebSessionManager       : Created new WebSession.
2025-07-01T22:36:46.306+03:00 DEBUG 5371 --- [onlinestore] [actor-tcp-nio-6] o.s.w.r.r.v.ViewResolutionResultHandler  : [5751ca6] Using 'text/html' given [*/*] and supported [text/html, application/xhtml+xml, application/xml, text/xml, application/rss+xml, application/atom+xml, application/javascript, application/ecmascript, text/javascript, text/ecmascript, application/json, text/css, text/plain, text/event-stream]
2025-07-01T22:36:46.446+03:00 DEBUG 5371 --- [onlinestore] [actor-tcp-nio-6] o.s.w.s.adapter.HttpWebHandlerAdapter    : [5751ca6] Completed 200 OK
2025-07-01T22:36:46.447+03:00 DEBUG 5371 --- [onlinestore] [actor-tcp-nio-6] o.s.w.r.f.client.ExchangeFunctions       : [36f438f1] [5541705b] Response 200 OK
2025-07-01T22:36:46.453+03:00 DEBUG 5371 --- [onlinestore] [           main] org.springframework.web.HttpLogging      : [36f438f1] [5541705b] Decoded "<!DOCTYPE html><EOL><html lang="en"><EOL><EOL><head><EOL>    <meta charSet="UTF-8"/><EOL>    <title>Витрина товаров</tit (truncated)..."
]]></system-out>
  </testcase>
  <testcase name="testSearchItems" classname="com.github.maximslepukhin.intershop.controller.ItemControllerTest" time="0.105">
    <system-out><![CDATA[2025-07-01T22:36:46.527+03:00 DEBUG 5371 --- [onlinestore] [           main] o.s.w.r.f.client.ExchangeFunctions       : [47d7e4b6] HTTP GET /main/items?search=Lenovo
2025-07-01T22:36:46.528+03:00 DEBUG 5371 --- [onlinestore] [     parallel-3] o.s.w.s.adapter.HttpWebHandlerAdapter    : [435075e5] HTTP GET "/main/items?search=Lenovo"
2025-07-01T22:36:46.528+03:00 DEBUG 5371 --- [onlinestore] [     parallel-3] s.w.r.r.m.a.RequestMappingHandlerMapping : [435075e5] Mapped to com.github.maximslepukhin.intershop.controller.ItemController#showItems(String, SortType, int, int, WebSession, Model)
2025-07-01T22:36:46.530+03:00 DEBUG 5371 --- [onlinestore] [     parallel-4] o.s.w.s.s.DefaultWebSessionManager       : Created new WebSession.
2025-07-01T22:36:46.573+03:00 DEBUG 5371 --- [onlinestore] [actor-tcp-nio-8] o.s.w.r.r.v.ViewResolutionResultHandler  : [435075e5] Using 'text/html' given [*/*] and supported [text/html, application/xhtml+xml, application/xml, text/xml, application/rss+xml, application/atom+xml, application/javascript, application/ecmascript, text/javascript, text/ecmascript, application/json, text/css, text/plain, text/event-stream]
2025-07-01T22:36:46.583+03:00 DEBUG 5371 --- [onlinestore] [actor-tcp-nio-8] o.s.w.s.adapter.HttpWebHandlerAdapter    : [435075e5] Completed 200 OK
2025-07-01T22:36:46.583+03:00 DEBUG 5371 --- [onlinestore] [actor-tcp-nio-8] o.s.w.r.f.client.ExchangeFunctions       : [47d7e4b6] [777b5ee2] Response 200 OK
2025-07-01T22:36:46.583+03:00 DEBUG 5371 --- [onlinestore] [           main] org.springframework.web.HttpLogging      : [47d7e4b6] [777b5ee2] Decoded "<!DOCTYPE html><EOL><html lang="en"><EOL><EOL>        <head><EOL>            <meta charSet="UTF-8"/><EOL>            <ti (truncated)..."
]]></system-out>
  </testcase>
  <testcase name="testGetItemsPage" classname="com.github.maximslepukhin.intershop.controller.ItemControllerTest" time="0.061">
    <system-out><![CDATA[2025-07-01T22:36:46.629+03:00 DEBUG 5371 --- [onlinestore] [           main] o.s.w.r.f.client.ExchangeFunctions       : [47fbf95e] HTTP GET /main/items?pageSize=5&pageNumber=1
2025-07-01T22:36:46.629+03:00 DEBUG 5371 --- [onlinestore] [     parallel-5] o.s.w.s.adapter.HttpWebHandlerAdapter    : [21891fbf] HTTP GET "/main/items?pageSize=5&pageNumber=1"
2025-07-01T22:36:46.629+03:00 DEBUG 5371 --- [onlinestore] [     parallel-5] s.w.r.r.m.a.RequestMappingHandlerMapping : [21891fbf] Mapped to com.github.maximslepukhin.intershop.controller.ItemController#showItems(String, SortType, int, int, WebSession, Model)
2025-07-01T22:36:46.630+03:00 DEBUG 5371 --- [onlinestore] [     parallel-6] o.s.w.s.s.DefaultWebSessionManager       : Created new WebSession.
2025-07-01T22:36:46.640+03:00 DEBUG 5371 --- [onlinestore] [ctor-tcp-nio-10] o.s.w.r.r.v.ViewResolutionResultHandler  : [21891fbf] Using 'text/html' given [*/*] and supported [text/html, application/xhtml+xml, application/xml, text/xml, application/rss+xml, application/atom+xml, application/javascript, application/ecmascript, text/javascript, text/ecmascript, application/json, text/css, text/plain, text/event-stream]
2025-07-01T22:36:46.645+03:00 DEBUG 5371 --- [onlinestore] [ctor-tcp-nio-10] o.s.w.s.adapter.HttpWebHandlerAdapter    : [21891fbf] Completed 200 OK
2025-07-01T22:36:46.645+03:00 DEBUG 5371 --- [onlinestore] [ctor-tcp-nio-10] o.s.w.r.f.client.ExchangeFunctions       : [47fbf95e] [3a0442dd] Response 200 OK
2025-07-01T22:36:46.646+03:00 DEBUG 5371 --- [onlinestore] [           main] org.springframework.web.HttpLogging      : [47fbf95e] [3a0442dd] Decoded "<!DOCTYPE html><EOL><html lang="en"><EOL><EOL>        <head><EOL>            <meta charSet="UTF-8"/><EOL>            <ti (truncated)..."
]]></system-out>
  </testcase>
  <testcase name="testRedirectToMain" classname="com.github.maximslepukhin.intershop.controller.ItemControllerTest" time="0.031">
    <system-out><![CDATA[2025-07-01T22:36:46.675+03:00 DEBUG 5371 --- [onlinestore] [           main] o.s.w.r.f.client.ExchangeFunctions       : [6ce8bf64] HTTP GET /
2025-07-01T22:36:46.675+03:00 DEBUG 5371 --- [onlinestore] [     parallel-7] o.s.w.s.adapter.HttpWebHandlerAdapter    : [10e8a98a] HTTP GET "/"
2025-07-01T22:36:46.675+03:00 DEBUG 5371 --- [onlinestore] [     parallel-7] s.w.r.r.m.a.RequestMappingHandlerMapping : [10e8a98a] Mapped to com.github.maximslepukhin.intershop.controller.ItemController#redirectToMain()
2025-07-01T22:36:46.676+03:00 DEBUG 5371 --- [onlinestore] [     parallel-7] o.s.w.reactive.result.view.RedirectView  : [10e8a98a] View name 'redirect:', model {}
2025-07-01T22:36:46.677+03:00 DEBUG 5371 --- [onlinestore] [     parallel-7] o.s.w.s.adapter.HttpWebHandlerAdapter    : [10e8a98a] Completed 303 SEE_OTHER
2025-07-01T22:36:46.677+03:00 DEBUG 5371 --- [onlinestore] [     parallel-7] o.s.w.r.f.client.ExchangeFunctions       : [6ce8bf64] [ae3194d] Response 303 SEE_OTHER
]]></system-out>
  </testcase>
</testsuite>