<?xml version="1.0" encoding="UTF-8"?>
<testsuite xmlns:xsi="http://www.w3.org/2001/XMLSchema-instance" xsi:noNamespaceSchemaLocation="https://maven.apache.org/surefire/maven-surefire-plugin/xsd/surefire-test-report.xsd" version="3.0.2" name="com.github.maximslepukhin.intershop.service.ItemServiceImplTest" time="0.003" tests="7" errors="0" skipped="0" failures="0">
  <properties>
    <property name="java.specification.version" value="23"/>
    <property name="sun.jnu.encoding" value="UTF-8"/>
    <property name="java.class.path" value="/Users/maksim/Desktop/onlinestore_react/target/test-classes:/Users/maksim/Desktop/onlinestore_react/target/classes:/Users/maksim/.m2/repository/org/springframework/boot/spring-boot-starter-webflux/3.5.0/spring-boot-starter-webflux-3.5.0.jar:/Users/maksim/.m2/repository/org/springframework/boot/spring-boot-starter/3.5.0/spring-boot-starter-3.5.0.jar:/Users/maksim/.m2/repository/org/springframework/boot/spring-boot/3.5.0/spring-boot-3.5.0.jar:/Users/maksim/.m2/repository/org/springframework/boot/spring-boot-starter-logging/3.5.0/spring-boot-starter-logging-3.5.0.jar:/Users/maksim/.m2/repository/ch/qos/logback/logback-classic/1.5.18/logback-classic-1.5.18.jar:/Users/maksim/.m2/repository/ch/qos/logback/logback-core/1.5.18/logback-core-1.5.18.jar:/Users/maksim/.m2/repository/org/apache/logging/log4j/log4j-to-slf4j/2.24.3/log4j-to-slf4j-2.24.3.jar:/Users/maksim/.m2/repository/org/apache/logging/log4j/log4j-api/2.24.3/log4j-api-2.24.3.jar:/Users/maksim/.m2/repository/org/slf4j/jul-to-slf4j/2.0.17/jul-to-slf4j-2.0.17.jar:/Users/maksim/.m2/repository/jakarta/annotation/jakarta.annotation-api/2.1.1/jakarta.annotation-api-2.1.1.jar:/Users/maksim/.m2/repository/org/yaml/snakeyaml/2.4/snakeyaml-2.4.jar:/Users/maksim/.m2/repository/org/springframework/boot/spring-boot-starter-json/3.5.0/spring-boot-starter-json-3.5.0.jar:/Users/maksim/.m2/repository/com/fasterxml/jackson/core/jackson-databind/2.19.0/jackson-databind-2.19.0.jar:/Users/maksim/.m2/repository/com/fasterxml/jackson/core/jackson-annotations/2.19.0/jackson-annotations-2.19.0.jar:/Users/maksim/.m2/repository/com/fasterxml/jackson/core/jackson-core/2.19.0/jackson-core-2.19.0.jar:/Users/maksim/.m2/repository/com/fasterxml/jackson/datatype/jackson-datatype-jdk8/2.19.0/jackson-datatype-jdk8-2.19.0.jar:/Users/maksim/.m2/repository/com/fasterxml/jackson/datatype/jackson-datatype-jsr310/2.19.0/jackson-datatype-jsr310-2.19.0.jar:/Users/maksim/.m2/repository/com/fasterxml/jackson/module/jackson-module-parameter-names/2.19.0/jackson-module-parameter-names-2.19.0.jar:/Users/maksim/.m2/repository/org/springframework/boot/spring-boot-starter-reactor-netty/3.5.0/spring-boot-starter-reactor-netty-3.5.0.jar:/Users/maksim/.m2/repository/io/projectreactor/netty/reactor-netty-http/1.2.6/reactor-netty-http-1.2.6.jar:/Users/maksim/.m2/repository/io/netty/netty-codec-http/4.1.121.Final/netty-codec-http-4.1.121.Final.jar:/Users/maksim/.m2/repository/io/netty/netty-common/4.1.121.Final/netty-common-4.1.121.Final.jar:/Users/maksim/.m2/repository/io/netty/netty-buffer/4.1.121.Final/netty-buffer-4.1.121.Final.jar:/Users/maksim/.m2/repository/io/netty/netty-transport/4.1.121.Final/netty-transport-4.1.121.Final.jar:/Users/maksim/.m2/repository/io/netty/netty-codec/4.1.121.Final/netty-codec-4.1.121.Final.jar:/Users/maksim/.m2/repository/io/netty/netty-codec-http2/4.1.121.Final/netty-codec-http2-4.1.121.Final.jar:/Users/maksim/.m2/repository/io/netty/netty-resolver-dns/4.1.121.Final/netty-resolver-dns-4.1.121.Final.jar:/Users/maksim/.m2/repository/io/netty/netty-resolver/4.1.121.Final/netty-resolver-4.1.121.Final.jar:/Users/maksim/.m2/repository/io/netty/netty-codec-dns/4.1.121.Final/netty-codec-dns-4.1.121.Final.jar:/Users/maksim/.m2/repository/io/netty/netty-resolver-dns-native-macos/4.1.121.Final/netty-resolver-dns-native-macos-4.1.121.Final-osx-x86_64.jar:/Users/maksim/.m2/repository/io/netty/netty-resolver-dns-classes-macos/4.1.121.Final/netty-resolver-dns-classes-macos-4.1.121.Final.jar:/Users/maksim/.m2/repository/io/netty/netty-transport-native-epoll/4.1.121.Final/netty-transport-native-epoll-4.1.121.Final-linux-x86_64.jar:/Users/maksim/.m2/repository/io/netty/netty-transport-native-unix-common/4.1.121.Final/netty-transport-native-unix-common-4.1.121.Final.jar:/Users/maksim/.m2/repository/io/netty/netty-transport-classes-epoll/4.1.121.Final/netty-transport-classes-epoll-4.1.121.Final.jar:/Users/maksim/.m2/repository/org/springframework/spring-web/6.2.7/spring-web-6.2.7.jar:/Users/maksim/.m2/repository/org/springframework/spring-beans/6.2.7/spring-beans-6.2.7.jar:/Users/maksim/.m2/repository/io/micrometer/micrometer-observation/1.15.0/micrometer-observation-1.15.0.jar:/Users/maksim/.m2/repository/io/micrometer/micrometer-commons/1.15.0/micrometer-commons-1.15.0.jar:/Users/maksim/.m2/repository/org/springframework/spring-webflux/6.2.7/spring-webflux-6.2.7.jar:/Users/maksim/.m2/repository/org/springframework/boot/spring-boot-starter-thymeleaf/3.5.0/spring-boot-starter-thymeleaf-3.5.0.jar:/Users/maksim/.m2/repository/org/thymeleaf/thymeleaf-spring6/3.1.3.RELEASE/thymeleaf-spring6-3.1.3.RELEASE.jar:/Users/maksim/.m2/repository/org/thymeleaf/thymeleaf/3.1.3.RELEASE/thymeleaf-3.1.3.RELEASE.jar:/Users/maksim/.m2/repository/org/attoparser/attoparser/2.0.7.RELEASE/attoparser-2.0.7.RELEASE.jar:/Users/maksim/.m2/repository/org/unbescape/unbescape/1.1.6.RELEASE/unbescape-1.1.6.RELEASE.jar:/Users/maksim/.m2/repository/org/slf4j/slf4j-api/2.0.17/slf4j-api-2.0.17.jar:/Users/maksim/.m2/repository/org/springframework/boot/spring-boot-starter-validation/3.5.0/spring-boot-starter-validation-3.5.0.jar:/Users/maksim/.m2/repository/org/apache/tomcat/embed/tomcat-embed-el/10.1.41/tomcat-embed-el-10.1.41.jar:/Users/maksim/.m2/repository/org/hibernate/validator/hibernate-validator/8.0.2.Final/hibernate-validator-8.0.2.Final.jar:/Users/maksim/.m2/repository/jakarta/validation/jakarta.validation-api/3.0.2/jakarta.validation-api-3.0.2.jar:/Users/maksim/.m2/repository/org/jboss/logging/jboss-logging/3.6.1.Final/jboss-logging-3.6.1.Final.jar:/Users/maksim/.m2/repository/com/fasterxml/classmate/1.7.0/classmate-1.7.0.jar:/Users/maksim/.m2/repository/org/projectlombok/lombok/1.18.38/lombok-1.18.38.jar:/Users/maksim/.m2/repository/org/springframework/boot/spring-boot-starter-test/3.5.0/spring-boot-starter-test-3.5.0.jar:/Users/maksim/.m2/repository/org/springframework/boot/spring-boot-test/3.5.0/spring-boot-test-3.5.0.jar:/Users/maksim/.m2/repository/org/springframework/boot/spring-boot-test-autoconfigure/3.5.0/spring-boot-test-autoconfigure-3.5.0.jar:/Users/maksim/.m2/repository/com/jayway/jsonpath/json-path/2.9.0/json-path-2.9.0.jar:/Users/maksim/.m2/repository/jakarta/xml/bind/jakarta.xml.bind-api/4.0.2/jakarta.xml.bind-api-4.0.2.jar:/Users/maksim/.m2/repository/jakarta/activation/jakarta.activation-api/2.1.3/jakarta.activation-api-2.1.3.jar:/Users/maksim/.m2/repository/net/minidev/json-smart/2.5.2/json-smart-2.5.2.jar:/Users/maksim/.m2/repository/net/minidev/accessors-smart/2.5.2/accessors-smart-2.5.2.jar:/Users/maksim/.m2/repository/org/ow2/asm/asm/9.7.1/asm-9.7.1.jar:/Users/maksim/.m2/repository/org/assertj/assertj-core/3.27.3/assertj-core-3.27.3.jar:/Users/maksim/.m2/repository/net/bytebuddy/byte-buddy/1.17.5/byte-buddy-1.17.5.jar:/Users/maksim/.m2/repository/org/awaitility/awaitility/4.3.0/awaitility-4.3.0.jar:/Users/maksim/.m2/repository/org/hamcrest/hamcrest/3.0/hamcrest-3.0.jar:/Users/maksim/.m2/repository/org/junit/jupiter/junit-jupiter/5.12.2/junit-jupiter-5.12.2.jar:/Users/maksim/.m2/repository/org/junit/jupiter/junit-jupiter-api/5.12.2/junit-jupiter-api-5.12.2.jar:/Users/maksim/.m2/repository/org/opentest4j/opentest4j/1.3.0/opentest4j-1.3.0.jar:/Users/maksim/.m2/repository/org/junit/platform/junit-platform-commons/1.12.2/junit-platform-commons-1.12.2.jar:/Users/maksim/.m2/repository/org/apiguardian/apiguardian-api/1.1.2/apiguardian-api-1.1.2.jar:/Users/maksim/.m2/repository/org/junit/jupiter/junit-jupiter-params/5.12.2/junit-jupiter-params-5.12.2.jar:/Users/maksim/.m2/repository/org/junit/jupiter/junit-jupiter-engine/5.12.2/junit-jupiter-engine-5.12.2.jar:/Users/maksim/.m2/repository/org/junit/platform/junit-platform-engine/1.12.2/junit-platform-engine-1.12.2.jar:/Users/maksim/.m2/repository/org/mockito/mockito-core/5.17.0/mockito-core-5.17.0.jar:/Users/maksim/.m2/repository/net/bytebuddy/byte-buddy-agent/1.17.5/byte-buddy-agent-1.17.5.jar:/Users/maksim/.m2/repository/org/objenesis/objenesis/3.3/objenesis-3.3.jar:/Users/maksim/.m2/repository/org/mockito/mockito-junit-jupiter/5.17.0/mockito-junit-jupiter-5.17.0.jar:/Users/maksim/.m2/repository/org/skyscreamer/jsonassert/1.5.3/jsonassert-1.5.3.jar:/Users/maksim/.m2/repository/com/vaadin/external/google/android-json/0.0.20131108.vaadin1/android-json-0.0.20131108.vaadin1.jar:/Users/maksim/.m2/repository/org/springframework/spring-core/6.2.7/spring-core-6.2.7.jar:/Users/maksim/.m2/repository/org/springframework/spring-jcl/6.2.7/spring-jcl-6.2.7.jar:/Users/maksim/.m2/repository/org/springframework/spring-test/6.2.7/spring-test-6.2.7.jar:/Users/maksim/.m2/repository/org/xmlunit/xmlunit-core/2.10.1/xmlunit-core-2.10.1.jar:/Users/maksim/.m2/repository/org/springframework/boot/spring-boot-testcontainers/3.5.0/spring-boot-testcontainers-3.5.0.jar:/Users/maksim/.m2/repository/org/springframework/boot/spring-boot-autoconfigure/3.5.0/spring-boot-autoconfigure-3.5.0.jar:/Users/maksim/.m2/repository/org/testcontainers/testcontainers/1.21.0/testcontainers-1.21.0.jar:/Users/maksim/.m2/repository/junit/junit/4.13.2/junit-4.13.2.jar:/Users/maksim/.m2/repository/org/hamcrest/hamcrest-core/3.0/hamcrest-core-3.0.jar:/Users/maksim/.m2/repository/org/apache/commons/commons-compress/1.24.0/commons-compress-1.24.0.jar:/Users/maksim/.m2/repository/org/rnorth/duct-tape/duct-tape/1.0.8/duct-tape-1.0.8.jar:/Users/maksim/.m2/repository/org/jetbrains/annotations/17.0.0/annotations-17.0.0.jar:/Users/maksim/.m2/repository/com/github/docker-java/docker-java-api/3.4.2/docker-java-api-3.4.2.jar:/Users/maksim/.m2/repository/com/github/docker-java/docker-java-transport-zerodep/3.4.2/docker-java-transport-zerodep-3.4.2.jar:/Users/maksim/.m2/repository/com/github/docker-java/docker-java-transport/3.4.2/docker-java-transport-3.4.2.jar:/Users/maksim/.m2/repository/net/java/dev/jna/jna/5.13.0/jna-5.13.0.jar:/Users/maksim/.m2/repository/org/reactivestreams/reactive-streams/1.0.4/reactive-streams-1.0.4.jar:/Users/maksim/.m2/repository/io/projectreactor/reactor-core/3.6.0/reactor-core-3.6.0.jar:/Users/maksim/.m2/repository/org/springframework/boot/spring-boot-starter-data-r2dbc/3.5.0/spring-boot-starter-data-r2dbc-3.5.0.jar:/Users/maksim/.m2/repository/org/springframework/data/spring-data-r2dbc/3.5.0/spring-data-r2dbc-3.5.0.jar:/Users/maksim/.m2/repository/org/springframework/data/spring-data-relational/3.5.0/spring-data-relational-3.5.0.jar:/Users/maksim/.m2/repository/org/springframework/data/spring-data-commons/3.5.0/spring-data-commons-3.5.0.jar:/Users/maksim/.m2/repository/org/springframework/spring-tx/6.2.7/spring-tx-6.2.7.jar:/Users/maksim/.m2/repository/org/springframework/spring-context/6.2.7/spring-context-6.2.7.jar:/Users/maksim/.m2/repository/org/springframework/spring-aop/6.2.7/spring-aop-6.2.7.jar:/Users/maksim/.m2/repository/org/springframework/spring-expression/6.2.7/spring-expression-6.2.7.jar:/Users/maksim/.m2/repository/org/springframework/spring-jdbc/6.2.7/spring-jdbc-6.2.7.jar:/Users/maksim/.m2/repository/org/springframework/spring-r2dbc/6.2.7/spring-r2dbc-6.2.7.jar:/Users/maksim/.m2/repository/io/r2dbc/r2dbc-spi/1.0.0.RELEASE/r2dbc-spi-1.0.0.RELEASE.jar:/Users/maksim/.m2/repository/io/r2dbc/r2dbc-pool/1.0.2.RELEASE/r2dbc-pool-1.0.2.RELEASE.jar:/Users/maksim/.m2/repository/io/projectreactor/addons/reactor-pool/1.1.2/reactor-pool-1.1.2.jar:/Users/maksim/.m2/repository/io/r2dbc/r2dbc-postgresql/0.8.13.RELEASE/r2dbc-postgresql-0.8.13.RELEASE.jar:/Users/maksim/.m2/repository/com/ongres/scram/client/2.1/client-2.1.jar:/Users/maksim/.m2/repository/com/ongres/scram/common/2.1/common-2.1.jar:/Users/maksim/.m2/repository/com/ongres/stringprep/saslprep/1.1/saslprep-1.1.jar:/Users/maksim/.m2/repository/com/ongres/stringprep/stringprep/1.1/stringprep-1.1.jar:/Users/maksim/.m2/repository/io/projectreactor/netty/reactor-netty/1.2.6/reactor-netty-1.2.6.jar:/Users/maksim/.m2/repository/io/projectreactor/netty/reactor-netty-core/1.2.6/reactor-netty-core-1.2.6.jar:/Users/maksim/.m2/repository/io/netty/netty-handler/4.1.121.Final/netty-handler-4.1.121.Final.jar:/Users/maksim/.m2/repository/io/netty/netty-handler-proxy/4.1.121.Final/netty-handler-proxy-4.1.121.Final.jar:/Users/maksim/.m2/repository/io/netty/netty-codec-socks/4.1.121.Final/netty-codec-socks-4.1.121.Final.jar:/Users/maksim/.m2/repository/io/projectreactor/netty/incubator/reactor-netty-incubator-quic/0.2.6/reactor-netty-incubator-quic-0.2.6.jar:/Users/maksim/.m2/repository/io/netty/incubator/netty-incubator-codec-native-quic/0.0.72.Final/netty-incubator-codec-native-quic-0.0.72.Final-linux-x86_64.jar:/Users/maksim/.m2/repository/io/netty/incubator/netty-incubator-codec-classes-quic/0.0.72.Final/netty-incubator-codec-classes-quic-0.0.72.Final.jar:/Users/maksim/.m2/repository/org/testcontainers/postgresql/1.21.0/postgresql-1.21.0.jar:/Users/maksim/.m2/repository/org/testcontainers/jdbc/1.21.0/jdbc-1.21.0.jar:/Users/maksim/.m2/repository/org/testcontainers/database-commons/1.21.0/database-commons-1.21.0.jar:/Users/maksim/.m2/repository/org/testcontainers/r2dbc/1.21.3/r2dbc-1.21.3.jar:"/>
    <property name="java.vm.vendor" value="Amazon.com Inc."/>
    <property name="sun.arch.data.model" value="64"/>
    <property name="java.vendor.url" value="https://aws.amazon.com/corretto/"/>
    <property name="user.timezone" value="Europe/Moscow"/>
    <property name="org.jboss.logging.provider" value="slf4j"/>
    <property name="os.name" value="Mac OS X"/>
    <property name="java.vm.specification.version" value="23"/>
    <property name="APPLICATION_NAME" value="onlinestore"/>
    <property name="sun.java.launcher" value="SUN_STANDARD"/>
    <property name="user.country" value="RU"/>
    <property name="sun.boot.library.path" value="/Users/maksim/Library/Java/JavaVirtualMachines/corretto-23.0.2/Contents/Home/lib"/>
    <property name="sun.java.command" value="/Users/maksim/Desktop/onlinestore_react/target/surefire/surefirebooter-20250701223641862_3.jar /Users/maksim/Desktop/onlinestore_react/target/surefire 2025-07-01T22-36-41_821-jvmRun1 surefire-20250701223641862_1tmp surefire_0-20250701223641862_2tmp"/>
    <property name="http.nonProxyHosts" value="local|*.local|169.254/16|*.169.254/16"/>
    <property name="jdk.debug" value="release"/>
    <property name="surefire.test.class.path" value="/Users/maksim/Desktop/onlinestore_react/target/test-classes:/Users/maksim/Desktop/onlinestore_react/target/classes:/Users/maksim/.m2/repository/org/springframework/boot/spring-boot-starter-webflux/3.5.0/spring-boot-starter-webflux-3.5.0.jar:/Users/maksim/.m2/repository/org/springframework/boot/spring-boot-starter/3.5.0/spring-boot-starter-3.5.0.jar:/Users/maksim/.m2/repository/org/springframework/boot/spring-boot/3.5.0/spring-boot-3.5.0.jar:/Users/maksim/.m2/repository/org/springframework/boot/spring-boot-starter-logging/3.5.0/spring-boot-starter-logging-3.5.0.jar:/Users/maksim/.m2/repository/ch/qos/logback/logback-classic/1.5.18/logback-classic-1.5.18.jar:/Users/maksim/.m2/repository/ch/qos/logback/logback-core/1.5.18/logback-core-1.5.18.jar:/Users/maksim/.m2/repository/org/apache/logging/log4j/log4j-to-slf4j/2.24.3/log4j-to-slf4j-2.24.3.jar:/Users/maksim/.m2/repository/org/apache/logging/log4j/log4j-api/2.24.3/log4j-api-2.24.3.jar:/Users/maksim/.m2/repository/org/slf4j/jul-to-slf4j/2.0.17/jul-to-slf4j-2.0.17.jar:/Users/maksim/.m2/repository/jakarta/annotation/jakarta.annotation-api/2.1.1/jakarta.annotation-api-2.1.1.jar:/Users/maksim/.m2/repository/org/yaml/snakeyaml/2.4/snakeyaml-2.4.jar:/Users/maksim/.m2/repository/org/springframework/boot/spring-boot-starter-json/3.5.0/spring-boot-starter-json-3.5.0.jar:/Users/maksim/.m2/repository/com/fasterxml/jackson/core/jackson-databind/2.19.0/jackson-databind-2.19.0.jar:/Users/maksim/.m2/repository/com/fasterxml/jackson/core/jackson-annotations/2.19.0/jackson-annotations-2.19.0.jar:/Users/maksim/.m2/repository/com/fasterxml/jackson/core/jackson-core/2.19.0/jackson-core-2.19.0.jar:/Users/maksim/.m2/repository/com/fasterxml/jackson/datatype/jackson-datatype-jdk8/2.19.0/jackson-datatype-jdk8-2.19.0.jar:/Users/maksim/.m2/repository/com/fasterxml/jackson/datatype/jackson-datatype-jsr310/2.19.0/jackson-datatype-jsr310-2.19.0.jar:/Users/maksim/.m2/repository/com/fasterxml/jackson/module/jackson-module-parameter-names/2.19.0/jackson-module-parameter-names-2.19.0.jar:/Users/maksim/.m2/repository/org/springframework/boot/spring-boot-starter-reactor-netty/3.5.0/spring-boot-starter-reactor-netty-3.5.0.jar:/Users/maksim/.m2/repository/io/projectreactor/netty/reactor-netty-http/1.2.6/reactor-netty-http-1.2.6.jar:/Users/maksim/.m2/repository/io/netty/netty-codec-http/4.1.121.Final/netty-codec-http-4.1.121.Final.jar:/Users/maksim/.m2/repository/io/netty/netty-common/4.1.121.Final/netty-common-4.1.121.Final.jar:/Users/maksim/.m2/repository/io/netty/netty-buffer/4.1.121.Final/netty-buffer-4.1.121.Final.jar:/Users/maksim/.m2/repository/io/netty/netty-transport/4.1.121.Final/netty-transport-4.1.121.Final.jar:/Users/maksim/.m2/repository/io/netty/netty-codec/4.1.121.Final/netty-codec-4.1.121.Final.jar:/Users/maksim/.m2/repository/io/netty/netty-codec-http2/4.1.121.Final/netty-codec-http2-4.1.121.Final.jar:/Users/maksim/.m2/repository/io/netty/netty-resolver-dns/4.1.121.Final/netty-resolver-dns-4.1.121.Final.jar:/Users/maksim/.m2/repository/io/netty/netty-resolver/4.1.121.Final/netty-resolver-4.1.121.Final.jar:/Users/maksim/.m2/repository/io/netty/netty-codec-dns/4.1.121.Final/netty-codec-dns-4.1.121.Final.jar:/Users/maksim/.m2/repository/io/netty/netty-resolver-dns-native-macos/4.1.121.Final/netty-resolver-dns-native-macos-4.1.121.Final-osx-x86_64.jar:/Users/maksim/.m2/repository/io/netty/netty-resolver-dns-classes-macos/4.1.121.Final/netty-resolver-dns-classes-macos-4.1.121.Final.jar:/Users/maksim/.m2/repository/io/netty/netty-transport-native-epoll/4.1.121.Final/netty-transport-native-epoll-4.1.121.Final-linux-x86_64.jar:/Users/maksim/.m2/repository/io/netty/netty-transport-native-unix-common/4.1.121.Final/netty-transport-native-unix-common-4.1.121.Final.jar:/Users/maksim/.m2/repository/io/netty/netty-transport-classes-epoll/4.1.121.Final/netty-transport-classes-epoll-4.1.121.Final.jar:/Users/maksim/.m2/repository/org/springframework/spring-web/6.2.7/spring-web-6.2.7.jar:/Users/maksim/.m2/repository/org/springframework/spring-beans/6.2.7/spring-beans-6.2.7.jar:/Users/maksim/.m2/repository/io/micrometer/micrometer-observation/1.15.0/micrometer-observation-1.15.0.jar:/Users/maksim/.m2/repository/io/micrometer/micrometer-commons/1.15.0/micrometer-commons-1.15.0.jar:/Users/maksim/.m2/repository/org/springframework/spring-webflux/6.2.7/spring-webflux-6.2.7.jar:/Users/maksim/.m2/repository/org/springframework/boot/spring-boot-starter-thymeleaf/3.5.0/spring-boot-starter-thymeleaf-3.5.0.jar:/Users/maksim/.m2/repository/org/thymeleaf/thymeleaf-spring6/3.1.3.RELEASE/thymeleaf-spring6-3.1.3.RELEASE.jar:/Users/maksim/.m2/repository/org/thymeleaf/thymeleaf/3.1.3.RELEASE/thymeleaf-3.1.3.RELEASE.jar:/Users/maksim/.m2/repository/org/attoparser/attoparser/2.0.7.RELEASE/attoparser-2.0.7.RELEASE.jar:/Users/maksim/.m2/repository/org/unbescape/unbescape/1.1.6.RELEASE/unbescape-1.1.6.RELEASE.jar:/Users/maksim/.m2/repository/org/slf4j/slf4j-api/2.0.17/slf4j-api-2.0.17.jar:/Users/maksim/.m2/repository/org/springframework/boot/spring-boot-starter-validation/3.5.0/spring-boot-starter-validation-3.5.0.jar:/Users/maksim/.m2/repository/org/apache/tomcat/embed/tomcat-embed-el/10.1.41/tomcat-embed-el-10.1.41.jar:/Users/maksim/.m2/repository/org/hibernate/validator/hibernate-validator/8.0.2.Final/hibernate-validator-8.0.2.Final.jar:/Users/maksim/.m2/repository/jakarta/validation/jakarta.validation-api/3.0.2/jakarta.validation-api-3.0.2.jar:/Users/maksim/.m2/repository/org/jboss/logging/jboss-logging/3.6.1.Final/jboss-logging-3.6.1.Final.jar:/Users/maksim/.m2/repository/com/fasterxml/classmate/1.7.0/classmate-1.7.0.jar:/Users/maksim/.m2/repository/org/projectlombok/lombok/1.18.38/lombok-1.18.38.jar:/Users/maksim/.m2/repository/org/springframework/boot/spring-boot-starter-test/3.5.0/spring-boot-starter-test-3.5.0.jar:/Users/maksim/.m2/repository/org/springframework/boot/spring-boot-test/3.5.0/spring-boot-test-3.5.0.jar:/Users/maksim/.m2/repository/org/springframework/boot/spring-boot-test-autoconfigure/3.5.0/spring-boot-test-autoconfigure-3.5.0.jar:/Users/maksim/.m2/repository/com/jayway/jsonpath/json-path/2.9.0/json-path-2.9.0.jar:/Users/maksim/.m2/repository/jakarta/xml/bind/jakarta.xml.bind-api/4.0.2/jakarta.xml.bind-api-4.0.2.jar:/Users/maksim/.m2/repository/jakarta/activation/jakarta.activation-api/2.1.3/jakarta.activation-api-2.1.3.jar:/Users/maksim/.m2/repository/net/minidev/json-smart/2.5.2/json-smart-2.5.2.jar:/Users/maksim/.m2/repository/net/minidev/accessors-smart/2.5.2/accessors-smart-2.5.2.jar:/Users/maksim/.m2/repository/org/ow2/asm/asm/9.7.1/asm-9.7.1.jar:/Users/maksim/.m2/repository/org/assertj/assertj-core/3.27.3/assertj-core-3.27.3.jar:/Users/maksim/.m2/repository/net/bytebuddy/byte-buddy/1.17.5/byte-buddy-1.17.5.jar:/Users/maksim/.m2/repository/org/awaitility/awaitility/4.3.0/awaitility-4.3.0.jar:/Users/maksim/.m2/repository/org/hamcrest/hamcrest/3.0/hamcrest-3.0.jar:/Users/maksim/.m2/repository/org/junit/jupiter/junit-jupiter/5.12.2/junit-jupiter-5.12.2.jar:/Users/maksim/.m2/repository/org/junit/jupiter/junit-jupiter-api/5.12.2/junit-jupiter-api-5.12.2.jar:/Users/maksim/.m2/repository/org/opentest4j/opentest4j/1.3.0/opentest4j-1.3.0.jar:/Users/maksim/.m2/repository/org/junit/platform/junit-platform-commons/1.12.2/junit-platform-commons-1.12.2.jar:/Users/maksim/.m2/repository/org/apiguardian/apiguardian-api/1.1.2/apiguardian-api-1.1.2.jar:/Users/maksim/.m2/repository/org/junit/jupiter/junit-jupiter-params/5.12.2/junit-jupiter-params-5.12.2.jar:/Users/maksim/.m2/repository/org/junit/jupiter/junit-jupiter-engine/5.12.2/junit-jupiter-engine-5.12.2.jar:/Users/maksim/.m2/repository/org/junit/platform/junit-platform-engine/1.12.2/junit-platform-engine-1.12.2.jar:/Users/maksim/.m2/repository/org/mockito/mockito-core/5.17.0/mockito-core-5.17.0.jar:/Users/maksim/.m2/repository/net/bytebuddy/byte-buddy-agent/1.17.5/byte-buddy-agent-1.17.5.jar:/Users/maksim/.m2/repository/org/objenesis/objenesis/3.3/objenesis-3.3.jar:/Users/maksim/.m2/repository/org/mockito/mockito-junit-jupiter/5.17.0/mockito-junit-jupiter-5.17.0.jar:/Users/maksim/.m2/repository/org/skyscreamer/jsonassert/1.5.3/jsonassert-1.5.3.jar:/Users/maksim/.m2/repository/com/vaadin/external/google/android-json/0.0.20131108.vaadin1/android-json-0.0.20131108.vaadin1.jar:/Users/maksim/.m2/repository/org/springframework/spring-core/6.2.7/spring-core-6.2.7.jar:/Users/maksim/.m2/repository/org/springframework/spring-jcl/6.2.7/spring-jcl-6.2.7.jar:/Users/maksim/.m2/repository/org/springframework/spring-test/6.2.7/spring-test-6.2.7.jar:/Users/maksim/.m2/repository/org/xmlunit/xmlunit-core/2.10.1/xmlunit-core-2.10.1.jar:/Users/maksim/.m2/repository/org/springframework/boot/spring-boot-testcontainers/3.5.0/spring-boot-testcontainers-3.5.0.jar:/Users/maksim/.m2/repository/org/springframework/boot/spring-boot-autoconfigure/3.5.0/spring-boot-autoconfigure-3.5.0.jar:/Users/maksim/.m2/repository/org/testcontainers/testcontainers/1.21.0/testcontainers-1.21.0.jar:/Users/maksim/.m2/repository/junit/junit/4.13.2/junit-4.13.2.jar:/Users/maksim/.m2/repository/org/hamcrest/hamcrest-core/3.0/hamcrest-core-3.0.jar:/Users/maksim/.m2/repository/org/apache/commons/commons-compress/1.24.0/commons-compress-1.24.0.jar:/Users/maksim/.m2/repository/org/rnorth/duct-tape/duct-tape/1.0.8/duct-tape-1.0.8.jar:/Users/maksim/.m2/repository/org/jetbrains/annotations/17.0.0/annotations-17.0.0.jar:/Users/maksim/.m2/repository/com/github/docker-java/docker-java-api/3.4.2/docker-java-api-3.4.2.jar:/Users/maksim/.m2/repository/com/github/docker-java/docker-java-transport-zerodep/3.4.2/docker-java-transport-zerodep-3.4.2.jar:/Users/maksim/.m2/repository/com/github/docker-java/docker-java-transport/3.4.2/docker-java-transport-3.4.2.jar:/Users/maksim/.m2/repository/net/java/dev/jna/jna/5.13.0/jna-5.13.0.jar:/Users/maksim/.m2/repository/org/reactivestreams/reactive-streams/1.0.4/reactive-streams-1.0.4.jar:/Users/maksim/.m2/repository/io/projectreactor/reactor-core/3.6.0/reactor-core-3.6.0.jar:/Users/maksim/.m2/repository/org/springframework/boot/spring-boot-starter-data-r2dbc/3.5.0/spring-boot-starter-data-r2dbc-3.5.0.jar:/Users/maksim/.m2/repository/org/springframework/data/spring-data-r2dbc/3.5.0/spring-data-r2dbc-3.5.0.jar:/Users/maksim/.m2/repository/org/springframework/data/spring-data-relational/3.5.0/spring-data-relational-3.5.0.jar:/Users/maksim/.m2/repository/org/springframework/data/spring-data-commons/3.5.0/spring-data-commons-3.5.0.jar:/Users/maksim/.m2/repository/org/springframework/spring-tx/6.2.7/spring-tx-6.2.7.jar:/Users/maksim/.m2/repository/org/springframework/spring-context/6.2.7/spring-context-6.2.7.jar:/Users/maksim/.m2/repository/org/springframework/spring-aop/6.2.7/spring-aop-6.2.7.jar:/Users/maksim/.m2/repository/org/springframework/spring-expression/6.2.7/spring-expression-6.2.7.jar:/Users/maksim/.m2/repository/org/springframework/spring-jdbc/6.2.7/spring-jdbc-6.2.7.jar:/Users/maksim/.m2/repository/org/springframework/spring-r2dbc/6.2.7/spring-r2dbc-6.2.7.jar:/Users/maksim/.m2/repository/io/r2dbc/r2dbc-spi/1.0.0.RELEASE/r2dbc-spi-1.0.0.RELEASE.jar:/Users/maksim/.m2/repository/io/r2dbc/r2dbc-pool/1.0.2.RELEASE/r2dbc-pool-1.0.2.RELEASE.jar:/Users/maksim/.m2/repository/io/projectreactor/addons/reactor-pool/1.1.2/reactor-pool-1.1.2.jar:/Users/maksim/.m2/repository/io/r2dbc/r2dbc-postgresql/0.8.13.RELEASE/r2dbc-postgresql-0.8.13.RELEASE.jar:/Users/maksim/.m2/repository/com/ongres/scram/client/2.1/client-2.1.jar:/Users/maksim/.m2/repository/com/ongres/scram/common/2.1/common-2.1.jar:/Users/maksim/.m2/repository/com/ongres/stringprep/saslprep/1.1/saslprep-1.1.jar:/Users/maksim/.m2/repository/com/ongres/stringprep/stringprep/1.1/stringprep-1.1.jar:/Users/maksim/.m2/repository/io/projectreactor/netty/reactor-netty/1.2.6/reactor-netty-1.2.6.jar:/Users/maksim/.m2/repository/io/projectreactor/netty/reactor-netty-core/1.2.6/reactor-netty-core-1.2.6.jar:/Users/maksim/.m2/repository/io/netty/netty-handler/4.1.121.Final/netty-handler-4.1.121.Final.jar:/Users/maksim/.m2/repository/io/netty/netty-handler-proxy/4.1.121.Final/netty-handler-proxy-4.1.121.Final.jar:/Users/maksim/.m2/repository/io/netty/netty-codec-socks/4.1.121.Final/netty-codec-socks-4.1.121.Final.jar:/Users/maksim/.m2/repository/io/projectreactor/netty/incubator/reactor-netty-incubator-quic/0.2.6/reactor-netty-incubator-quic-0.2.6.jar:/Users/maksim/.m2/repository/io/netty/incubator/netty-incubator-codec-native-quic/0.0.72.Final/netty-incubator-codec-native-quic-0.0.72.Final-linux-x86_64.jar:/Users/maksim/.m2/repository/io/netty/incubator/netty-incubator-codec-classes-quic/0.0.72.Final/netty-incubator-codec-classes-quic-0.0.72.Final.jar:/Users/maksim/.m2/repository/org/testcontainers/postgresql/1.21.0/postgresql-1.21.0.jar:/Users/maksim/.m2/repository/org/testcontainers/jdbc/1.21.0/jdbc-1.21.0.jar:/Users/maksim/.m2/repository/org/testcontainers/database-commons/1.21.0/database-commons-1.21.0.jar:/Users/maksim/.m2/repository/org/testcontainers/r2dbc/1.21.3/r2dbc-1.21.3.jar:"/>
    <property name="sun.cpu.endian" value="little"/>
    <property name="user.home" value="/Users/maksim"/>
    <property name="user.language" value="ru"/>
    <property name="java.specification.vendor" value="Oracle Corporation"/>
    <property name="java.version.date" value="2025-01-21"/>
    <property name="java.home" value="/Users/maksim/Library/Java/JavaVirtualMachines/corretto-23.0.2/Contents/Home"/>
    <property name="file.separator" value="/"/>
    <property name="basedir" value="/Users/maksim/Desktop/onlinestore_react"/>
    <property name="java.vm.compressedOopsMode" value="Zero based"/>
    <property name="line.separator" value="&#10;"/>
    <property name="java.vm.specification.vendor" value="Oracle Corporation"/>
    <property name="java.specification.name" value="Java Platform API Specification"/>
    <property name="FILE_LOG_CHARSET" value="UTF-8"/>
    <property name="java.awt.headless" value="true"/>
    <property name="apple.awt.application.name" value="ForkedBooter"/>
    <property name="surefire.real.class.path" value="/Users/maksim/Desktop/onlinestore_react/target/surefire/surefirebooter-20250701223641862_3.jar"/>
    <property name="sun.management.compiler" value="HotSpot 64-Bit Tiered Compilers"/>
    <property name="ftp.nonProxyHosts" value="local|*.local|169.254/16|*.169.254/16"/>
    <property name="java.runtime.version" value="23.0.2+7-FR"/>
    <property name="user.name" value="maksim"/>
    <property name="stdout.encoding" value="UTF-8"/>
    <property name="path.separator" value=":"/>
    <property name="os.version" value="15.5"/>
    <property name="java.runtime.name" value="OpenJDK Runtime Environment"/>
    <property name="file.encoding" value="UTF-8"/>
    <property name="java.vm.name" value="OpenJDK 64-Bit Server VM"/>
    <property name="java.vendor.version" value="Corretto-23.0.2.7.1"/>
    <property name="localRepository" value="/Users/maksim/.m2/repository"/>
    <property name="java.vendor.url.bug" value="https://github.com/corretto/corretto-23/issues/"/>
    <property name="java.io.tmpdir" value="/var/folders/qm/2jm5hms12bx836xvbwt91d9c0000gn/T/"/>
    <property name="idea.version" value="2024.3.1.1"/>
    <property name="java.version" value="23.0.2"/>
    <property name="user.dir" value="/Users/maksim/Desktop/onlinestore_react"/>
    <property name="os.arch" value="aarch64"/>
    <property name="java.vm.specification.name" value="Java Virtual Machine Specification"/>
    <property name="PID" value="5371"/>
    <property name="CONSOLE_LOG_CHARSET" value="UTF-8"/>
    <property name="native.encoding" value="UTF-8"/>
    <property name="java.library.path" value="/Users/maksim/Library/Java/Extensions:/Library/Java/Extensions:/Network/Library/Java/Extensions:/System/Library/Java/Extensions:/usr/lib/java:."/>
    <property name="java.vm.info" value="mixed mode, sharing"/>
    <property name="stderr.encoding" value="UTF-8"/>
    <property name="java.vendor" value="Amazon.com Inc."/>
    <property name="java.vm.version" value="23.0.2+7-FR"/>
    <property name="sun.io.unicode.encoding" value="UnicodeBig"/>
    <property name="socksNonProxyHosts" value="local|*.local|169.254/16|*.169.254/16"/>
    <property name="java.class.version" value="67.0"/>
    <property name="LOGGED_APPLICATION_NAME" value="[onlinestore] "/>
  </properties>
  <testcase name="testIncreaseCountOfExistingItem" classname="com.github.maximslepukhin.intershop.service.ItemServiceImplTest" time="0.0"/>
  <testcase name="testDeleteItemFromEmptyCart" classname="com.github.maximslepukhin.intershop.service.ItemServiceImplTest" time="0.001"/>
  <testcase name="testRemoveItemWhenCountIsOne" classname="com.github.maximslepukhin.intershop.service.ItemServiceImplTest" time="0.0"/>
  <testcase name="testAddItemToEmptyCart" classname="com.github.maximslepukhin.intershop.service.ItemServiceImplTest" time="0.0"/>
  <testcase name="testDecreaseCountWhenCountMoreThanOne" classname="com.github.maximslepukhin.intershop.service.ItemServiceImplTest" time="0.0"/>
  <testcase name="testDeleteItem" classname="com.github.maximslepukhin.intershop.service.ItemServiceImplTest" time="0.0"/>
  <testcase name="testAddNewItemToExistingCart" classname="com.github.maximslepukhin.intershop.service.ItemServiceImplTest" time="0.0"/>
</testsuite>